make all --print-data-base --no-builtin-variables --no-builtin-rules --question
make: *** No rule to make target 'all'.  Stop.

# GNU Make 4.2.1
# Built for x86_64-pc-linux-gnu
# Copyright (C) 1988-2016 Free Software Foundation, Inc.
# License GPLv3+: GNU GPL version 3 or later <http://gnu.org/licenses/gpl.html>
# This is free software: you are free to change and redistribute it.
# There is NO WARRANTY, to the extent permitted by law.

# Make data base, printed on Sat Jul  9 19:26:12 2022

# Variables

# 'override' directive
GNUMAKEFLAGS := 
# automatic
<D = $(patsubst %/,%,$(dir $<))
# automatic
?F = $(notdir $?)
# environment
DESKTOP_SESSION = ubuntu
# default
.SHELLFLAGS := -c
# environment
XDG_SESSION_CLASS = user
# environment
SNAP_COMMON = /var/snap/code/common
# environment
XDG_SESSION_TYPE = x11
# automatic
?D = $(patsubst %/,%,$(dir $?))
# environment
IM_CONFIG_PHASE = 1
# automatic
@D = $(patsubst %/,%,$(dir $@))
# environment
XAUTHORITY = /run/user/1000/gdm/Xauthority
# environment
GDMSESSION = ubuntu
# environment
XMODIFIERS = @im=ibus
# makefile
CURDIR := /home/justin/antlrExpr
# makefile
SHELL = /bin/sh
# environment
SNAP_DATA = /var/snap/code/100
# environment
VSCODE_NLS_CONFIG = {"locale":"en-gb","availableLanguages":{},"_languagePackSupport":true}
# environment
JOURNAL_STREAM = 8:63380
# environment
XDG_CONFIG_DIRS = /etc/xdg/xdg-ubuntu:/etc/xdg
# environment
SNAP_INSTANCE_NAME = code
# environment
SNAP_ARCH = amd64
# makefile (from 'Makefile', line 1)
MAKEFILE_LIST :=  Makefile
# automatic
@F = $(notdir $@)
# environment
GIO_LAUNCHED_DESKTOP_FILE = /var/lib/snapd/desktop/applications/code_code.desktop
# environment
USERNAME = justin
# environment
MANDATORY_PATH = /usr/share/gconf/ubuntu.mandatory.path
# environment
XDG_DATA_DIRS = /usr/share/ubuntu:/usr/local/share/:/usr/share/:/var/lib/snapd/desktop
# environment
DBUS_SESSION_BUS_ADDRESS = unix:path=/run/user/1000/bus
# environment
_ = /snap/code/100/usr/share/code/code
# environment
MANAGERPID = 1714
# environment
LESSOPEN = | /usr/bin/lesspipe %s
# environment
VSCODE_CWD = /home/justin
# environment
GSETTINGS_SCHEMA_DIR = /snap/code/100/usr/share/glib-2.0/schemas
# makefile (from 'Makefile', line 2)
INCL_RUNTIME = /usr/local/include
# default
MAKE_HOST := x86_64-pc-linux-gnu
# environment
PATH = /home/justin/.local/bin:/home/justin/.cargo/bin:/home/justin/.local/bin:/usr/local/sbin:/usr/local/bin:/usr/sbin:/usr/bin:/sbin:/bin:/usr/games:/usr/local/games:/snap/bin:/home/justin/.cabal/bin:/home/justin/.ghcup/bin
# environment
GPG_AGENT_INFO = /run/user/1000/gnupg/S.gpg-agent:0:1
# environment
SESSION_MANAGER = local/justin-B365M-DS3H:@/tmp/.ICE-unix/1952,unix/justin-B365M-DS3H:/tmp/.ICE-unix/1952
# environment
XDG_RUNTIME_DIR = /run/user/1000
# environment
GDK_PIXBUF_MODULE_FILE = /home/justin/snap/code/common/.cache/gdk-pixbuf-loaders.cache
# environment
SNAP = /snap/code/100
# environment
SNAP_VERSION = 92d25e35
# environment
XDG_MENU_PREFIX = gnome-
# environment
DISABLE_WAYLAND = 1
# environment
ELECTRON_RUN_AS_NODE = 1
# environment
INVOCATION_ID = 96112af9186e4891bb6d61985dafcdd9
# environment
GDK_PIXBUF_MODULEDIR = /snap/code/100/usr/lib/x86_64-linux-gnu/gdk-pixbuf-2.0/2.10.0/loaders
# default
.FEATURES := target-specific order-only second-expansion else-if shortest-stem undefine oneshell archives jobserver output-sync check-symlink load
# environment
LS_COLORS = 
# environment
XDG_SESSION_DESKTOP = ubuntu
# environment
SSH_AUTH_SOCK = /run/user/1000/keyring/ssh
# environment
GIO_LAUNCHED_DESKTOP_FILE_PID = 31563
# automatic
%F = $(notdir $%)
# environment
DISPLAY = :0
# environment
SNAP_INSTANCE_KEY = 
# environment
PWD = /home/justin/antlrExpr
# default
.LOADED := 
# environment
SSH_AGENT_PID = 1897
# environment
ORIGINAL_XDG_CURRENT_DESKTOP = ubuntu:GNOME
# environment
GTK_MODULES = gail:atk-bridge
# environment
VSCODE_AMD_ENTRYPOINT = vs/workbench/api/node/extensionHostProcess
# environment
HOME = /home/justin
# environment
LESSCLOSE = /usr/bin/lesspipe %s %s
# environment
VSCODE_CLI = 1
# environment
VSCODE_CODE_CACHE_PATH = /home/justin/.config/Code/CachedData/92d25e35d9bf1a6b16f7d0758f25d48ace11e5b9
# environment
LOGNAME = justin
# environment
APPLICATION_INSIGHTS_NO_DIAGNOSTIC_CHANNEL = true
# environment
SNAP_LIBRARY_PATH = /var/lib/snapd/lib/gl:/var/lib/snapd/lib/gl32:/var/lib/snapd/void
# environment
SNAP_CONTEXT = bu649OJ1dHYiunzBs8wPAZfnWeTobSX8YNXKnV3siPW4TujCpivI
# environment
ELECTRON_NO_ATTACH_CONSOLE = 1
# environment
SNAP_USER_COMMON = /home/justin/snap/code/common
# environment
VSCODE_HANDLES_UNCAUGHT_ERRORS = true
# environment
GNOME_DESKTOP_SESSION_ID = this-is-deprecated
# automatic
^D = $(patsubst %/,%,$(dir $^))
# environment
MAKELEVEL := 0
# environment
SNAP_REAL_HOME = /home/justin
# default
MAKE = $(MAKE_COMMAND)
# default
MAKECMDGOALS := all
# environment
QT_IM_MODULE = ibus
# environment
SNAP_USER_DATA = /home/justin/snap/code/100
# environment
SHLVL = 0
# makefile (from 'Makefile', line 1)
CC = g++
# environment
GNOME_SHELL_SESSION_MODE = ubuntu
# default
MAKE_VERSION := 4.2.1
# environment
USER = justin
# environment
SNAP_REVISION = 100
# makefile
.DEFAULT_GOAL := antlr
# environment
XDG_CURRENT_DESKTOP = Unity
# environment
CLASSPATH = .:/usr/local/lib/antlr-4.10.1-complete.jar:.:/usr/local/lib/antlr-4.10.1-complete.jar:
# automatic
%D = $(patsubst %/,%,$(dir $%))
# default
MAKE_COMMAND := make
# default
.VARIABLES := 
# automatic
*F = $(notdir $*)
# environment
LANGUAGE = en_CA:en
# environment
VSCODE_IPC_HOOK = /run/user/1000/vscode-bb1aaf99-1.69.0-main.sock
# environment
BAMF_DESKTOP_FILE_HINT = /var/lib/snapd/desktop/applications/code_code.desktop
# makefile
MAKEFLAGS = pqrR
# environment
MFLAGS = -pqrR
# automatic
*D = $(patsubst %/,%,$(dir $*))
# automatic
+D = $(patsubst %/,%,$(dir $+))
# environment
GDK_BACKEND = x11
# automatic
+F = $(notdir $+)
# environment
QT_ACCESSIBILITY = 1
# environment
DEFAULTS_PATH = /usr/share/gconf/ubuntu.default.path
# makefile (from 'Makefile', line 10)
OUTPUT = ./obj
# default
MAKEFILES := 
# environment
SNAP_COOKIE = bu649OJ1dHYiunzBs8wPAZfnWeTobSX8YNXKnV3siPW4TujCpivI
# automatic
<F = $(notdir $<)
# makefile (from 'Makefile', line 5)
ICARGS = -c -I $(INCL_RUNTIME)/antlr4-runtime/
# environment
SNAP_NAME = code
# environment
LC_ALL = C
# makefile (from 'Makefile', line 6)
LCARGS = -g
# makefile (from 'Makefile', line 11)
GENERATED = ./generated
# environment
GJS_DEBUG_TOPICS = JS ERROR;JS LOG
# makefile (from 'Makefile', line 8)
LIBS = $(LIB_RUNTIME)/libantlr4-runtime.a
# automatic
^F = $(notdir $^)
# default
SUFFIXES := 
# environment
SNAP_REEXEC = 
# makefile (from 'Makefile', line 3)
LIB_RUNTIME = /usr/local/lib
# environment
CHROME_DESKTOP = code-url-handler.desktop
# environment
WINDOWPATH = 2
# default
.INCLUDE_DIRS = /usr/include /usr/local/include /usr/include
# environment
GJS_DEBUG_OUTPUT = stderr
# default
.RECIPEPREFIX := 
# environment
LANG = C
# environment
VSCODE_PID = 31611
# variable set hash-table stats:
# Load=127/1024=12%, Rehash=0, Collisions=17/152=11%

# Pattern-specific Variable Values

# No pattern-specific variable values.

# Directories

# . (device 2053, inode 3803733): 21 files, no impossibilities.

# 21 files, no impossibilities in 1 directories.

# Implicit Rules

# No implicit rules.

# Files

# Not a target:
all:
#  Command line target.
#  Implicit rule search has been done.
#  File does not exist.
#  File has not been updated.

# Not a target:
Expr.g4:
#  Implicit rule search has not been done.
#  Modification time never checked.
#  File has not been updated.

antlr: Expr.g4
#  Implicit rule search has not been done.
#  Modification time never checked.
#  File has not been updated.
#  recipe to execute (from 'Makefile', line 14):
	@echo compiling src..
	$(CC) $(ICARGS) parser.cpp -o $(OUTPUT)/parser.o -std=c++17
	$(CC) $(ICARGS) ./ExprLexer.cpp -o $(OUTPUT)/ExprLexer.o -std=c++17
	$(CC) $(LCARGS) $(OUTPUT)/parser.o $(OUTPUT)/ExprLexer.o $(LIBS) -o parser -std=c++17	

# Not a target:
Makefile:
#  Implicit rule search has been done.
#  Last modified 2022-07-09 19:26:08.785653721
#  File has been updated.
#  Successfully updated.

dirs:
#  Implicit rule search has not been done.
#  Modification time never checked.
#  File has not been updated.
#  recipe to execute (from 'Makefile', line 22):
	mkdir -p $(OUTPUT) $(GENERATED)

# Not a target:
.DEFAULT:
#  Implicit rule search has not been done.
#  Modification time never checked.
#  File has not been updated.

# files hash-table stats:
 
# Load=7/1024=1%, Rehash=0, Collisions=0/18=0%
# VPATH Search Paths

# No 'vpath' search paths.

# No general ('VPATH' variable) search path.

# strcache buffers: 1 (0) / strings = 28 / storage = 309 B / avg = 11 B
# current buf: size = 8162 B / used = 309 B / count = 28 / avg = 11 B

# strcache performance: lookups = 35 / hit rate = 20%
# hash-table stats:
# Load=28/8192=0%, Rehash=0, Collisions=1/35=3%
# Finished Make data base on Sat Jul  9 19:26:12 2022

 
